Namespace(gpu='0,1,2,3', log_dir='/cluster/home/wueestm/laser/trained_models', its=900000, fov=(45.0, 135.0), fov2='45,135', dataset='zind', dataset_path='/cluster/project/cvg/data/zind/zind/ZInD', D=128, G=32, H=32, dist_max=10, V=16, Vr=64, disable_semantics=False, disable_pointnet=False)
{'Q': 100, 'Q_refine': 20, 'D': 128, 'G': 32, 'H': 32, 'dist_max': 10, 'Vr': 64, 'V': 16, 'disable_semantics': False, 'disable_pointnet': False, 'fov': (45.0, 135.0), 'view_type': 'pview'}
/cluster/project/cvg/data/zind/zind/ZInD
refiner_padding = circular
Before loading train dataloader.
654 samples loaded from <class 'dataset.zind_dataset.ZindDataset'> dataset. (is_training=True)
Before loading val dataloader.
91 samples loaded from <class 'dataset.zind_dataset.ZindDataset'> dataset. (is_training=False)
Dataloaders loaded.
step=200,  time=2.0min,  loss=1.699861
step=400,  time=4.0min,  loss=1.738971
step=600,  time=6.0min,  loss=1.523335
step=800,  time=7.9min,  loss=1.706948
step=1000,  time=9.9min,  loss=1.633864
step=1200,  time=11.9min,  loss=1.771598
step=1400,  time=13.9min,  loss=1.481151
step=1600,  time=15.8min,  loss=1.530578
step=1800,  time=17.9min,  loss=1.658676
step=2000,  time=19.8min,  loss=1.723959
step=2200,  time=21.8min,  loss=1.478384
step=2400,  time=23.8min,  loss=1.515861
step=2600,  time=25.8min,  loss=1.386937
step=2800,  time=27.7min,  loss=1.512656
step=3000,  time=29.7min,  loss=1.221427
step=3200,  time=31.7min,  loss=1.679236
step=3400,  time=33.7min,  loss=1.623039
step=3600,  time=35.7min,  loss=1.203338
step=3800,  time=37.7min,  loss=1.397789
step=4000,  time=39.7min,  loss=1.431749
step=4200,  time=41.6min,  loss=1.462049
step=4400,  time=43.6min,  loss=1.450844
step=4600,  time=45.6min,  loss=1.389753
step=4800,  time=47.6min,  loss=1.405117
step=5000,  time=49.6min,  loss=1.219238
step=5200,  time=51.6min,  loss=1.394659
step=5400,  time=53.5min,  loss=1.248840
step=5600,  time=55.5min,  loss=1.482807
step=5800,  time=57.5min,  loss=1.446651
step=6000,  time=59.5min,  loss=1.571227
step=6200,  time=61.4min,  loss=1.568495
step=6400,  time=63.4min,  loss=1.217859
step=6600,  time=65.4min,  loss=1.230375
step=6800,  time=67.3min,  loss=1.233888
step=7000,  time=69.4min,  loss=1.250390
step=7200,  time=71.3min,  loss=1.299047
step=7400,  time=73.3min,  loss=1.338089
step=7600,  time=75.3min,  loss=1.433163
step=7800,  time=77.3min,  loss=1.295058
step=8000,  time=79.3min,  loss=1.354479
step=8200,  time=81.3min,  loss=1.511226
step=8400,  time=83.2min,  loss=1.311471
step=8600,  time=85.2min,  loss=1.420811
step=8800,  time=87.2min,  loss=1.164170
step=9000,  time=89.2min,  loss=1.157435
step=9200,  time=91.2min,  loss=1.141819
step=9400,  time=93.2min,  loss=1.242724
step=9600,  time=95.1min,  loss=1.349285
step=9800,  time=97.1min,  loss=1.118723
step=10000,  time=99.1min,  loss=1.233748
step=10200,  time=101.1min,  loss=1.224051
step=10400,  time=103.1min,  loss=1.111076
step=10600,  time=105.0min,  loss=1.251281
step=10800,  time=107.0min,  loss=1.099219
step=11000,  time=109.0min,  loss=1.319399
step=11200,  time=111.0min,  loss=1.558908
step=11400,  time=112.9min,  loss=1.258226
step=11600,  time=115.0min,  loss=1.468243
step=11800,  time=116.9min,  loss=1.046386
step=12000,  time=118.9min,  loss=1.224992
step=12200,  time=120.9min,  loss=1.135480
step=12400,  time=122.9min,  loss=1.129418
step=12600,  time=124.8min,  loss=1.300886
step=12800,  time=126.8min,  loss=1.061533
step=13000,  time=128.8min,  loss=1.355930
step=13200,  time=130.7min,  loss=1.375502
step=13400,  time=132.7min,  loss=1.122505
step=13600,  time=134.7min,  loss=1.304916
step=13800,  time=136.7min,  loss=1.070227
step=14000,  time=138.7min,  loss=1.232935
step=14200,  time=140.7min,  loss=1.007815
step=14400,  time=142.6min,  loss=1.307132
step=14600,  time=144.6min,  loss=1.439023
step=14800,  time=146.6min,  loss=0.998774
step=15000,  time=148.6min,  loss=1.132021
step=15200,  time=150.6min,  loss=1.149642
step=15400,  time=152.6min,  loss=1.277402
step=15600,  time=154.5min,  loss=1.156534
step=15800,  time=156.6min,  loss=0.975391
step=16000,  time=158.5min,  loss=1.111700
step=16200,  time=160.5min,  loss=1.295148
step=16400,  time=162.5min,  loss=1.176845
step=16600,  time=164.4min,  loss=1.124411
step=16800,  time=166.5min,  loss=1.474842
step=17000,  time=168.4min,  loss=1.264490
step=17200,  time=170.4min,  loss=0.940325
step=17400,  time=172.4min,  loss=1.179139
step=17600,  time=174.4min,  loss=1.006986
step=17800,  time=176.3min,  loss=1.001245
step=18000,  time=178.4min,  loss=1.059151
step=18200,  time=180.3min,  loss=1.217832
step=18400,  time=182.3min,  loss=1.071538
step=18600,  time=184.3min,  loss=1.195345
step=18800,  time=186.3min,  loss=1.137769
step=19000,  time=188.2min,  loss=1.195867
step=19200,  time=190.3min,  loss=1.390154
step=19400,  time=192.2min,  loss=0.962491
step=19600,  time=194.2min,  loss=1.279275
step=19800,  time=196.2min,  loss=1.341728
step=20000,  time=198.2min,  loss=1.380870
Model ckpt saved.
step=20200,  time=200.2min,  loss=1.235695
step=20400,  time=202.1min,  loss=1.793911
step=20600,  time=204.1min,  loss=1.080871
step=20800,  time=206.1min,  loss=1.310441
step=21000,  time=208.1min,  loss=1.551502
step=21200,  time=210.1min,  loss=1.159288
step=21400,  time=212.1min,  loss=1.159544
step=21600,  time=214.1min,  loss=1.021405
step=21800,  time=216.1min,  loss=0.918411
step=22000,  time=218.0min,  loss=1.234173
step=22200,  time=220.0min,  loss=1.508083
step=22400,  time=222.0min,  loss=0.988159
step=22600,  time=224.0min,  loss=0.950127
step=22800,  time=225.9min,  loss=1.219437
step=23000,  time=227.9min,  loss=0.953630
step=23200,  time=229.9min,  loss=1.020133
step=23400,  time=231.9min,  loss=1.236044
step=23600,  time=233.9min,  loss=1.170267
step=23800,  time=235.8min,  loss=1.329402
step=24000,  time=237.8min,  loss=1.092313
step=24200,  time=239.8min,  loss=0.969029
step=24400,  time=241.8min,  loss=0.948579
step=24600,  time=243.7min,  loss=1.143591
step=24800,  time=245.8min,  loss=1.089181
step=25000,  time=247.7min,  loss=1.010401
step=25200,  time=249.7min,  loss=0.988637
step=25400,  time=251.7min,  loss=1.171363
step=25600,  time=253.7min,  loss=0.947024
step=25800,  time=255.6min,  loss=1.183505
step=26000,  time=257.6min,  loss=0.946005
step=26200,  time=259.6min,  loss=1.133265
step=26400,  time=261.5min,  loss=1.103618
step=26600,  time=263.6min,  loss=1.275498
step=26800,  time=265.5min,  loss=1.111321
step=27000,  time=267.5min,  loss=1.019778
step=27200,  time=269.5min,  loss=1.044704
step=27400,  time=271.5min,  loss=1.087187
step=27600,  time=273.4min,  loss=1.053929
step=27800,  time=275.4min,  loss=1.025014
step=28000,  time=277.4min,  loss=1.061220
step=28200,  time=279.4min,  loss=1.104162
step=28400,  time=281.3min,  loss=1.099291
step=28600,  time=283.3min,  loss=0.995499
step=28800,  time=285.3min,  loss=0.989456
step=29000,  time=287.3min,  loss=1.070871
step=29200,  time=289.2min,  loss=1.168484
step=29400,  time=291.2min,  loss=1.047631
step=29600,  time=293.2min,  loss=1.067705
step=29800,  time=295.2min,  loss=1.004128
step=30000,  time=297.2min,  loss=1.045128
step=30200,  time=299.2min,  loss=1.154596
step=30400,  time=301.2min,  loss=1.053065
step=30600,  time=303.2min,  loss=1.004919
step=30800,  time=305.2min,  loss=1.053609
step=31000,  time=307.2min,  loss=0.999464
step=31200,  time=309.2min,  loss=1.232766
step=31400,  time=311.2min,  loss=0.974559
step=31600,  time=313.2min,  loss=1.040651
step=31800,  time=315.2min,  loss=1.231845
step=32000,  time=317.2min,  loss=0.871561
step=32200,  time=319.1min,  loss=1.022456
step=32400,  time=321.1min,  loss=1.008826
step=32600,  time=323.1min,  loss=1.386671
step=32800,  time=325.1min,  loss=1.047338
step=33000,  time=327.1min,  loss=1.111892
step=33200,  time=329.1min,  loss=0.956707
step=33400,  time=331.1min,  loss=0.950311
step=33600,  time=333.1min,  loss=1.533496
step=33800,  time=335.1min,  loss=1.114802
step=34000,  time=337.1min,  loss=1.042295
step=34200,  time=339.1min,  loss=0.974552
step=34400,  time=341.1min,  loss=1.008643
step=34600,  time=343.1min,  loss=1.002632
step=34800,  time=345.1min,  loss=1.107704
step=35000,  time=347.1min,  loss=0.947045
step=35200,  time=349.0min,  loss=0.948435
step=35400,  time=351.1min,  loss=1.091234
step=35600,  time=353.1min,  loss=1.201639
step=35800,  time=355.1min,  loss=1.097394
step=36000,  time=357.1min,  loss=1.130791
step=36200,  time=359.0min,  loss=1.259668
step=36400,  time=361.0min,  loss=1.109338
step=36600,  time=363.0min,  loss=0.976790
step=36800,  time=365.0min,  loss=0.914719
step=37000,  time=367.0min,  loss=0.918042
step=37200,  time=369.0min,  loss=1.015246
step=37400,  time=370.9min,  loss=1.218420
step=37600,  time=372.9min,  loss=1.037675
step=37800,  time=374.9min,  loss=1.042957
step=38000,  time=376.9min,  loss=1.013086
step=38200,  time=378.9min,  loss=0.781222
step=38400,  time=380.9min,  loss=1.160397
step=38600,  time=382.8min,  loss=0.868031
step=38800,  time=384.8min,  loss=0.961806
step=39000,  time=386.8min,  loss=1.121940
step=39200,  time=388.7min,  loss=0.861079
step=39400,  time=390.7min,  loss=1.058057
step=39600,  time=392.7min,  loss=1.048349
step=39800,  time=394.7min,  loss=1.409193
step=40000,  time=396.6min,  loss=1.114897
Model ckpt saved.
step=40200,  time=398.7min,  loss=1.208106
step=40400,  time=400.6min,  loss=0.999789
step=40600,  time=402.6min,  loss=0.876324
step=40800,  time=404.6min,  loss=0.937143
step=41000,  time=406.6min,  loss=0.975726
step=41200,  time=408.5min,  loss=0.921939
step=41400,  time=410.5min,  loss=0.844755
step=41600,  time=412.5min,  loss=0.829664
step=41800,  time=414.5min,  loss=0.988437
step=42000,  time=416.5min,  loss=1.181720
step=42200,  time=418.4min,  loss=1.021600
step=42400,  time=420.4min,  loss=1.313458
step=42600,  time=422.4min,  loss=1.060629
step=42800,  time=424.4min,  loss=1.024163
step=43000,  time=426.4min,  loss=0.972751
step=43200,  time=428.4min,  loss=1.202651
step=43400,  time=430.3min,  loss=0.953133
step=43600,  time=432.4min,  loss=0.849490
step=43800,  time=434.3min,  loss=1.028858
step=44000,  time=436.3min,  loss=1.121090
step=44200,  time=438.3min,  loss=1.190523
step=44400,  time=440.3min,  loss=0.931451
step=44600,  time=442.2min,  loss=1.072013
step=44800,  time=444.3min,  loss=1.051410
step=45000,  time=446.2min,  loss=1.046409
step=45200,  time=448.2min,  loss=1.004770
step=45400,  time=450.2min,  loss=0.842430
step=45600,  time=452.1min,  loss=0.925194
step=45800,  time=454.1min,  loss=0.859518
step=46000,  time=456.1min,  loss=0.925541
step=46200,  time=458.1min,  loss=0.881846
step=46400,  time=460.1min,  loss=1.028844
step=46600,  time=462.1min,  loss=0.861089
step=46800,  time=464.0min,  loss=1.030948
step=47000,  time=466.0min,  loss=1.056799
step=47200,  time=468.0min,  loss=0.985792
step=47400,  time=470.0min,  loss=1.132904
step=47600,  time=471.9min,  loss=1.034448
step=47800,  time=473.9min,  loss=0.899066
step=48000,  time=475.9min,  loss=1.035154
step=48200,  time=477.9min,  loss=1.025281
step=48400,  time=479.9min,  loss=1.000581
step=48600,  time=481.8min,  loss=1.119856
step=48800,  time=483.8min,  loss=0.989120
step=49000,  time=485.8min,  loss=1.003849
step=49200,  time=487.8min,  loss=0.893825
step=49400,  time=489.8min,  loss=0.892945
step=49600,  time=491.8min,  loss=0.847863
step=49800,  time=493.7min,  loss=0.846555
step=50000,  time=495.7min,  loss=0.886038
step=50200,  time=497.7min,  loss=1.134198
step=50400,  time=499.7min,  loss=0.933842
step=50600,  time=501.7min,  loss=1.001771
step=50800,  time=503.7min,  loss=0.882465
step=51000,  time=505.6min,  loss=0.914487
step=51200,  time=507.6min,  loss=1.030557
step=51400,  time=509.6min,  loss=0.963308
step=51600,  time=511.6min,  loss=0.989670
step=51800,  time=513.6min,  loss=0.955643
step=52000,  time=515.5min,  loss=0.922229
step=52200,  time=517.5min,  loss=1.191976
step=52400,  time=519.5min,  loss=1.040926
step=52600,  time=521.5min,  loss=0.904321
step=52800,  time=523.4min,  loss=0.954300
step=53000,  time=525.5min,  loss=0.927732
step=53200,  time=527.4min,  loss=1.225060
step=53400,  time=529.4min,  loss=1.197858
step=53600,  time=531.3min,  loss=1.122110
step=53800,  time=533.4min,  loss=0.872152
step=54000,  time=535.3min,  loss=0.817179
step=54200,  time=537.3min,  loss=0.953714
step=54400,  time=539.3min,  loss=1.061115
step=54600,  time=541.3min,  loss=1.018269
step=54800,  time=543.2min,  loss=0.984359
step=55000,  time=545.2min,  loss=0.781826
step=55200,  time=547.2min,  loss=0.936811
step=55400,  time=549.1min,  loss=0.961502
step=55600,  time=551.1min,  loss=0.872978
step=55800,  time=553.1min,  loss=0.964624
step=56000,  time=555.1min,  loss=1.065920
step=56200,  time=557.1min,  loss=0.903558
step=56400,  time=559.1min,  loss=0.880421
step=56600,  time=561.0min,  loss=0.931782
step=56800,  time=563.0min,  loss=1.163694
step=57000,  time=565.0min,  loss=1.010002
step=57200,  time=567.0min,  loss=0.897472
step=57400,  time=569.0min,  loss=0.917084
step=57600,  time=571.0min,  loss=0.881835
step=57800,  time=572.9min,  loss=0.820692
step=58000,  time=574.9min,  loss=0.977446
step=58200,  time=576.9min,  loss=1.022784
step=58400,  time=578.8min,  loss=0.962757
step=58600,  time=580.8min,  loss=1.281685
step=58800,  time=582.8min,  loss=1.146174
step=59000,  time=584.8min,  loss=1.066585
step=59200,  time=586.8min,  loss=0.904489
step=59400,  time=588.8min,  loss=1.005732
step=59600,  time=590.7min,  loss=0.847622
step=59800,  time=592.7min,  loss=0.967326
step=60000,  time=594.7min,  loss=0.890444
Model ckpt saved.
step=60200,  time=596.7min,  loss=1.427147
step=60400,  time=598.7min,  loss=0.995163
step=60600,  time=600.7min,  loss=1.065300
step=60800,  time=602.6min,  loss=1.092204
step=61000,  time=604.7min,  loss=1.029813
step=61200,  time=606.6min,  loss=1.031355
step=61400,  time=608.6min,  loss=1.316329
step=61600,  time=610.6min,  loss=0.879965
step=61800,  time=612.5min,  loss=0.936803
step=62000,  time=614.6min,  loss=0.990376
step=62200,  time=616.5min,  loss=0.968847
step=62400,  time=618.5min,  loss=1.028671
step=62600,  time=620.5min,  loss=1.030223
step=62800,  time=622.5min,  loss=1.128951
step=63000,  time=624.4min,  loss=1.013057
step=63200,  time=626.5min,  loss=1.002196
step=63400,  time=628.4min,  loss=0.988136
step=63600,  time=630.4min,  loss=0.930959
step=63800,  time=632.4min,  loss=1.156773
step=64000,  time=634.4min,  loss=0.971884
step=64200,  time=636.4min,  loss=1.127002
step=64400,  time=638.4min,  loss=0.974630
step=64600,  time=640.3min,  loss=0.978622
step=64800,  time=642.3min,  loss=1.091951
step=65000,  time=644.3min,  loss=0.808333
step=65200,  time=646.3min,  loss=0.970614
step=65400,  time=648.2min,  loss=0.911317
step=65600,  time=650.2min,  loss=1.067510
step=65800,  time=652.2min,  loss=0.846670
step=66000,  time=654.2min,  loss=1.029177
step=66200,  time=656.2min,  loss=1.161932
step=66400,  time=658.1min,  loss=1.431480
step=66600,  time=660.1min,  loss=0.996748
step=66800,  time=662.1min,  loss=1.100172
step=67000,  time=664.1min,  loss=1.020789
step=67200,  time=666.0min,  loss=0.969334
step=67400,  time=668.1min,  loss=0.924165
step=67600,  time=670.0min,  loss=1.181413
step=67800,  time=672.0min,  loss=0.940354
step=68000,  time=674.0min,  loss=0.878804
step=68200,  time=675.9min,  loss=0.925748
step=68400,  time=677.9min,  loss=0.953670
step=68600,  time=679.9min,  loss=0.877291
step=68800,  time=681.9min,  loss=0.852277
step=69000,  time=683.8min,  loss=0.885632
step=69200,  time=685.8min,  loss=0.990154
step=69400,  time=687.8min,  loss=0.820179
step=69600,  time=689.8min,  loss=0.876510
step=69800,  time=691.7min,  loss=0.912950
step=70000,  time=693.7min,  loss=0.869697
step=70200,  time=695.7min,  loss=0.813432
step=70400,  time=697.7min,  loss=0.969249
step=70600,  time=699.7min,  loss=0.907025
step=70800,  time=701.7min,  loss=0.915122
step=71000,  time=703.6min,  loss=0.819830
step=71200,  time=705.7min,  loss=0.967681
step=71400,  time=707.6min,  loss=0.938804
step=71600,  time=709.6min,  loss=1.128690
step=71800,  time=711.6min,  loss=0.972401
step=72000,  time=713.5min,  loss=0.919813
step=72200,  time=715.5min,  loss=0.964638
step=72400,  time=717.5min,  loss=0.899468
step=72600,  time=719.5min,  loss=0.921901
step=72800,  time=721.5min,  loss=0.983342
step=73000,  time=723.5min,  loss=0.815853
step=73200,  time=725.5min,  loss=0.997024
step=73400,  time=727.5min,  loss=0.929763
step=73600,  time=729.4min,  loss=0.898680
step=73800,  time=731.4min,  loss=0.928918
step=74000,  time=733.4min,  loss=0.973838
step=74200,  time=735.4min,  loss=1.075890
step=74400,  time=737.4min,  loss=1.142445
step=74600,  time=739.3min,  loss=0.859770
step=74800,  time=741.3min,  loss=1.033596
step=75000,  time=743.3min,  loss=1.238682
step=75200,  time=745.3min,  loss=0.856264
step=75400,  time=747.3min,  loss=0.935490
step=75600,  time=749.3min,  loss=1.047575
step=75800,  time=751.2min,  loss=0.915833
step=76000,  time=753.2min,  loss=0.986912
step=76200,  time=755.2min,  loss=1.053601
step=76400,  time=757.2min,  loss=1.023340
step=76600,  time=759.2min,  loss=0.933836
step=76800,  time=761.2min,  loss=0.787013
step=77000,  time=763.1min,  loss=1.005596
step=77200,  time=765.1min,  loss=1.140773
step=77400,  time=767.1min,  loss=1.015028
step=77600,  time=769.1min,  loss=0.972838
step=77800,  time=771.0min,  loss=0.965551
step=78000,  time=773.0min,  loss=0.899019
step=78200,  time=775.0min,  loss=0.907917
step=78400,  time=777.0min,  loss=0.897637
step=78600,  time=779.0min,  loss=0.891640
step=78800,  time=780.9min,  loss=0.913154
step=79000,  time=782.9min,  loss=1.273770
step=79200,  time=784.9min,  loss=1.080301
step=79400,  time=786.9min,  loss=0.991528
step=79600,  time=788.9min,  loss=0.840927
step=79800,  time=790.9min,  loss=1.312083
step=80000,  time=792.8min,  loss=0.875411
Model ckpt saved.
step=80200,  time=794.9min,  loss=0.948861
step=80400,  time=796.8min,  loss=0.983974
step=80600,  time=798.8min,  loss=0.862868
step=80800,  time=800.8min,  loss=0.834018
step=81000,  time=802.7min,  loss=1.041181
step=81200,  time=804.7min,  loss=1.235152
step=81400,  time=806.7min,  loss=0.879137
step=81600,  time=808.7min,  loss=0.887901
step=81800,  time=810.7min,  loss=1.361426
step=82000,  time=812.7min,  loss=0.916391
step=82200,  time=814.6min,  loss=0.880975
step=82400,  time=816.6min,  loss=0.848991
step=82600,  time=818.6min,  loss=0.859457
step=82800,  time=820.6min,  loss=0.842612
step=83000,  time=822.5min,  loss=1.025715
step=83200,  time=824.6min,  loss=0.831530
step=83400,  time=826.5min,  loss=0.888143
step=83600,  time=828.5min,  loss=0.867901
step=83800,  time=830.5min,  loss=0.815936
step=84000,  time=832.5min,  loss=0.911035
step=84200,  time=834.5min,  loss=0.825753
step=84400,  time=836.4min,  loss=1.017004
step=84600,  time=838.4min,  loss=0.799119
step=84800,  time=840.4min,  loss=0.801300
step=85000,  time=842.4min,  loss=1.000899
step=85200,  time=844.3min,  loss=0.845423
step=85400,  time=846.3min,  loss=1.055064
step=85600,  time=848.3min,  loss=0.939092
step=85800,  time=850.3min,  loss=0.890618
step=86000,  time=852.3min,  loss=0.969394
step=86200,  time=854.3min,  loss=0.983693
step=86400,  time=856.2min,  loss=1.121240
step=86600,  time=858.2min,  loss=0.947919
step=86800,  time=860.2min,  loss=0.833197
step=87000,  time=862.2min,  loss=0.893705
step=87200,  time=864.1min,  loss=0.992071
step=87400,  time=866.1min,  loss=1.107331
step=87600,  time=868.1min,  loss=0.876512
step=87800,  time=870.1min,  loss=1.077520
step=88000,  time=872.1min,  loss=0.861360
step=88200,  time=874.0min,  loss=0.973486
step=88400,  time=876.0min,  loss=1.049766
step=88600,  time=878.0min,  loss=1.002050
step=88800,  time=880.0min,  loss=0.949385
step=89000,  time=882.0min,  loss=1.330428
step=89200,  time=884.0min,  loss=0.848236
step=89400,  time=885.9min,  loss=0.882763
step=89600,  time=888.0min,  loss=1.181990
step=89800,  time=889.9min,  loss=0.869918
step=90000,  time=891.9min,  loss=1.136606
step=90200,  time=893.9min,  loss=0.980110
step=90400,  time=895.9min,  loss=0.954226
step=90600,  time=897.9min,  loss=1.117069
step=90800,  time=899.8min,  loss=0.810836
step=91000,  time=901.8min,  loss=0.827246
step=91200,  time=903.8min,  loss=0.841114
step=91400,  time=905.8min,  loss=0.812288
step=91600,  time=907.7min,  loss=1.181604
step=91800,  time=909.8min,  loss=0.784675
step=92000,  time=911.7min,  loss=1.060317
step=92200,  time=913.7min,  loss=0.858732
step=92400,  time=915.7min,  loss=0.844221
step=92600,  time=917.7min,  loss=0.813313
step=92800,  time=919.7min,  loss=0.892086
step=93000,  time=921.7min,  loss=0.814682
step=93200,  time=923.6min,  loss=1.032049
step=93400,  time=925.6min,  loss=0.910794
step=93600,  time=927.6min,  loss=1.122695
step=93800,  time=929.6min,  loss=1.206957
step=94000,  time=931.6min,  loss=0.848919
step=94200,  time=933.5min,  loss=0.807686
step=94400,  time=935.5min,  loss=0.815655
step=94600,  time=937.5min,  loss=0.983237
step=94800,  time=939.5min,  loss=0.845423
step=95000,  time=941.4min,  loss=0.871233
step=95200,  time=943.4min,  loss=0.880339
step=95400,  time=945.4min,  loss=0.771284
step=95600,  time=947.4min,  loss=0.864555
step=95800,  time=949.4min,  loss=1.095670
step=96000,  time=951.4min,  loss=0.973576
step=96200,  time=953.3min,  loss=0.890504
step=96400,  time=955.3min,  loss=0.937001
step=96600,  time=957.3min,  loss=0.886457
step=96800,  time=959.3min,  loss=0.934609
step=97000,  time=961.2min,  loss=0.810964
step=97200,  time=963.2min,  loss=0.934749
step=97400,  time=965.2min,  loss=0.875530
step=97600,  time=967.2min,  loss=0.836985
step=97800,  time=969.2min,  loss=0.813249
step=98000,  time=971.1min,  loss=0.911361
step=98200,  time=973.2min,  loss=0.899109
step=98400,  time=975.1min,  loss=1.109048
step=98600,  time=977.1min,  loss=0.979658
step=98800,  time=979.1min,  loss=0.831377
step=99000,  time=981.1min,  loss=0.794842
step=99200,  time=983.0min,  loss=0.784759
step=99400,  time=985.1min,  loss=0.901130
step=99600,  time=987.0min,  loss=0.799255
step=99800,  time=989.0min,  loss=0.799295
step=100000,  time=991.0min,  loss=1.049607
Model ckpt saved.
step=100200,  time=993.0min,  loss=0.874124
step=100400,  time=995.0min,  loss=0.896690
step=100600,  time=996.9min,  loss=0.860372
step=100800,  time=998.9min,  loss=0.906571
step=101000,  time=1000.9min,  loss=0.894255
step=101200,  time=1002.9min,  loss=0.927379
step=101400,  time=1004.8min,  loss=0.867264
step=101600,  time=1006.8min,  loss=0.797545
step=101800,  time=1008.8min,  loss=1.352886
step=102000,  time=1010.8min,  loss=0.854679
step=102200,  time=1012.7min,  loss=0.738671
step=102400,  time=1014.7min,  loss=0.991952
step=102600,  time=1016.7min,  loss=1.053001
step=102800,  time=1018.7min,  loss=0.855478
step=103000,  time=1020.7min,  loss=0.830808
step=103200,  time=1022.7min,  loss=1.019494
step=103400,  time=1024.7min,  loss=0.921850
step=103600,  time=1026.7min,  loss=0.770971
step=103800,  time=1028.7min,  loss=1.058128
step=104000,  time=1030.6min,  loss=0.895975
step=104200,  time=1032.6min,  loss=0.918776
step=104400,  time=1034.6min,  loss=1.143334
step=104600,  time=1036.6min,  loss=0.822285
step=104800,  time=1038.6min,  loss=0.813300
step=105000,  time=1040.6min,  loss=0.784781
step=105200,  time=1042.6min,  loss=0.944343
step=105400,  time=1044.6min,  loss=0.988193
step=105600,  time=1046.5min,  loss=0.884145
step=105800,  time=1048.5min,  loss=0.772514
step=106000,  time=1050.5min,  loss=1.164820
step=106200,  time=1052.5min,  loss=1.012703
step=106400,  time=1054.4min,  loss=1.029428
step=106600,  time=1056.5min,  loss=0.785027
step=106800,  time=1058.4min,  loss=1.204262
step=107000,  time=1060.4min,  loss=0.896802
step=107200,  time=1062.4min,  loss=0.805910
step=107400,  time=1064.4min,  loss=1.090863
step=107600,  time=1066.4min,  loss=0.969798
step=107800,  time=1068.4min,  loss=0.949952
step=108000,  time=1070.4min,  loss=0.993464
step=108200,  time=1072.4min,  loss=1.084273
step=108400,  time=1074.4min,  loss=0.858283
step=108600,  time=1076.4min,  loss=1.050758
step=108800,  time=1078.4min,  loss=0.821296
step=109000,  time=1080.4min,  loss=0.898546
step=109200,  time=1082.4min,  loss=0.852242
step=109400,  time=1084.3min,  loss=0.797141
step=109600,  time=1086.4min,  loss=0.849810
step=109800,  time=1088.4min,  loss=0.821135
step=110000,  time=1090.4min,  loss=1.092248
step=110200,  time=1092.4min,  loss=0.850727
step=110400,  time=1094.3min,  loss=0.827379
step=110600,  time=1096.3min,  loss=0.833166
step=110800,  time=1098.3min,  loss=1.049229
step=111000,  time=1100.3min,  loss=0.900605
step=111200,  time=1102.2min,  loss=0.905192
step=111400,  time=1104.3min,  loss=0.822043
step=111600,  time=1106.2min,  loss=1.007763
step=111800,  time=1108.2min,  loss=0.900673
step=112000,  time=1110.2min,  loss=0.978295
step=112200,  time=1112.2min,  loss=0.952491
step=112400,  time=1114.1min,  loss=0.771259
step=112600,  time=1116.1min,  loss=0.783353
step=112800,  time=1118.1min,  loss=0.946787
step=113000,  time=1120.1min,  loss=0.786170
step=113200,  time=1122.1min,  loss=0.752480
step=113400,  time=1124.0min,  loss=0.863087
step=113600,  time=1126.1min,  loss=0.841056
step=113800,  time=1128.0min,  loss=0.829550
step=114000,  time=1130.0min,  loss=0.897015
step=114200,  time=1132.0min,  loss=1.024993
step=114400,  time=1134.0min,  loss=0.984165
step=114600,  time=1136.0min,  loss=0.928670
step=114800,  time=1138.0min,  loss=0.784209
step=115000,  time=1140.0min,  loss=0.933462
step=115200,  time=1142.0min,  loss=0.791516
step=115400,  time=1144.0min,  loss=0.820583
step=115600,  time=1146.0min,  loss=0.957572
step=115800,  time=1148.0min,  loss=0.918388
step=116000,  time=1150.0min,  loss=0.893591
step=116200,  time=1151.9min,  loss=0.840680
step=116400,  time=1154.0min,  loss=0.998222
step=116600,  time=1155.9min,  loss=0.981364
step=116800,  time=1157.9min,  loss=0.877469
step=117000,  time=1159.9min,  loss=0.774979
step=117200,  time=1161.9min,  loss=1.111700
step=117400,  time=1163.9min,  loss=0.840919
step=117600,  time=1165.9min,  loss=0.782720
step=117800,  time=1167.9min,  loss=1.440698
step=118000,  time=1169.9min,  loss=0.912709
step=118200,  time=1171.9min,  loss=0.887025
step=118400,  time=1173.9min,  loss=1.097878
step=118600,  time=1175.9min,  loss=0.931237
step=118800,  time=1177.8min,  loss=1.256670
step=119000,  time=1179.9min,  loss=0.841278
step=119200,  time=1181.8min,  loss=0.821781
step=119400,  time=1183.8min,  loss=0.849269
step=119600,  time=1185.8min,  loss=1.034934
step=119800,  time=1187.8min,  loss=0.800450
step=120000,  time=1189.8min,  loss=0.935130
Model ckpt saved.
step=120200,  time=1191.7min,  loss=0.934899
step=120400,  time=1193.8min,  loss=0.852121
step=120600,  time=1195.7min,  loss=0.898612
step=120800,  time=1197.7min,  loss=0.865308
step=121000,  time=1199.7min,  loss=0.876735
step=121200,  time=1201.7min,  loss=0.801908
step=121400,  time=1203.7min,  loss=0.870686
step=121600,  time=1205.7min,  loss=0.832930
step=121800,  time=1207.6min,  loss=0.783291
step=122000,  time=1209.6min,  loss=0.848736
step=122200,  time=1211.6min,  loss=0.864449
step=122400,  time=1213.6min,  loss=0.933648
step=122600,  time=1215.6min,  loss=0.846738
step=122800,  time=1217.6min,  loss=0.883498
step=123000,  time=1219.6min,  loss=1.075901
step=123200,  time=1221.5min,  loss=1.008382
step=123400,  time=1223.5min,  loss=1.037288
step=123600,  time=1225.5min,  loss=0.843518
step=123800,  time=1227.5min,  loss=0.883557
step=124000,  time=1229.4min,  loss=0.958014
step=124200,  time=1231.4min,  loss=0.839779
step=124400,  time=1233.4min,  loss=0.856905
step=124600,  time=1235.4min,  loss=0.717993
step=124800,  time=1237.4min,  loss=0.827427
step=125000,  time=1239.4min,  loss=0.799710
step=125200,  time=1241.3min,  loss=1.032822
step=125400,  time=1243.4min,  loss=0.912820
step=125600,  time=1245.3min,  loss=1.093728
step=125800,  time=1247.3min,  loss=0.859646
step=126000,  time=1249.3min,  loss=1.040171
step=126200,  time=1251.3min,  loss=0.762105
step=126400,  time=1253.3min,  loss=0.802243
step=126600,  time=1255.2min,  loss=0.782932
step=126800,  time=1257.2min,  loss=0.952690
step=127000,  time=1259.2min,  loss=0.926800
step=127200,  time=1261.2min,  loss=0.785722
step=127400,  time=1263.2min,  loss=0.893038
step=127600,  time=1265.2min,  loss=0.996742
step=127800,  time=1267.1min,  loss=0.910617
step=128000,  time=1269.2min,  loss=0.909468
step=128200,  time=1271.1min,  loss=0.932476
step=128400,  time=1273.1min,  loss=1.176646
step=128600,  time=1275.1min,  loss=0.959280
step=128800,  time=1277.1min,  loss=0.883979
step=129000,  time=1279.1min,  loss=1.036337
step=129200,  time=1281.1min,  loss=0.871607
step=129400,  time=1283.0min,  loss=0.940800
step=129600,  time=1285.0min,  loss=0.791651
step=129800,  time=1287.0min,  loss=0.973604
step=130000,  time=1289.0min,  loss=0.917890
step=130200,  time=1291.0min,  loss=0.764358
step=130400,  time=1293.0min,  loss=0.835380
step=130600,  time=1295.0min,  loss=0.738510
step=130800,  time=1296.9min,  loss=0.889822
step=131000,  time=1299.0min,  loss=0.771775
step=131200,  time=1300.9min,  loss=0.787353
step=131400,  time=1302.9min,  loss=0.896644
step=131600,  time=1304.9min,  loss=1.008901
step=131800,  time=1306.9min,  loss=0.981548
step=132000,  time=1308.9min,  loss=0.934724
step=132200,  time=1310.9min,  loss=0.940822
step=132400,  time=1312.8min,  loss=1.127300
step=132600,  time=1314.8min,  loss=0.826709
step=132800,  time=1316.8min,  loss=0.777422
step=133000,  time=1318.8min,  loss=1.162073
step=133200,  time=1320.8min,  loss=0.818931
step=133400,  time=1322.7min,  loss=0.894051
step=133600,  time=1324.8min,  loss=0.934005
step=133800,  time=1326.7min,  loss=0.744613
step=134000,  time=1328.7min,  loss=0.777468
step=134200,  time=1330.7min,  loss=1.048314
step=134400,  time=1332.7min,  loss=0.910643
step=134600,  time=1334.7min,  loss=1.132404
step=134800,  time=1336.7min,  loss=0.971909
step=135000,  time=1338.6min,  loss=0.781815
step=135200,  time=1340.7min,  loss=0.911812
step=135400,  time=1342.6min,  loss=0.830824
step=135600,  time=1344.6min,  loss=0.777018
step=135800,  time=1346.6min,  loss=0.773962
step=136000,  time=1348.6min,  loss=0.935838
step=136200,  time=1350.6min,  loss=0.860348
step=136400,  time=1352.5min,  loss=0.776435
step=136600,  time=1354.6min,  loss=1.015985
step=136800,  time=1356.5min,  loss=1.000854
step=137000,  time=1358.5min,  loss=0.916123
step=137200,  time=1360.5min,  loss=0.741129
step=137400,  time=1362.5min,  loss=1.018018
step=137600,  time=1364.5min,  loss=1.019253
step=137800,  time=1366.5min,  loss=0.775314
step=138000,  time=1368.4min,  loss=0.868957
step=138200,  time=1370.5min,  loss=0.807138
step=138400,  time=1372.4min,  loss=0.785045
step=138600,  time=1374.5min,  loss=0.852367
step=138800,  time=1376.4min,  loss=0.728670
step=139000,  time=1378.4min,  loss=0.732105
step=139200,  time=1380.4min,  loss=1.187921
step=139400,  time=1382.4min,  loss=1.079659
step=139600,  time=1384.4min,  loss=0.920384
step=139800,  time=1386.3min,  loss=0.941146
step=140000,  time=1388.3min,  loss=0.949345
Model ckpt saved.
step=140200,  time=1390.3min,  loss=0.922955
step=140400,  time=1392.3min,  loss=0.846075
step=140600,  time=1394.3min,  loss=0.954717
step=140800,  time=1396.3min,  loss=0.989783
step=141000,  time=1398.2min,  loss=0.879174
step=141200,  time=1400.2min,  loss=0.856779
step=141400,  time=1402.2min,  loss=0.753815
step=141600,  time=1404.2min,  loss=0.777680
step=141800,  time=1406.1min,  loss=0.827611
step=142000,  time=1408.2min,  loss=0.797211
step=142200,  time=1410.1min,  loss=0.931915
step=142400,  time=1412.1min,  loss=0.813395
step=142600,  time=1414.1min,  loss=1.085549
step=142800,  time=1416.1min,  loss=0.897642
step=143000,  time=1418.1min,  loss=0.760756
step=143200,  time=1420.0min,  loss=0.854536
step=143400,  time=1422.0min,  loss=0.882705
step=143600,  time=1424.0min,  loss=0.939045
step=143800,  time=1426.0min,  loss=0.823976
step=144000,  time=1428.0min,  loss=0.931744
step=144200,  time=1430.0min,  loss=0.877740
step=144400,  time=1431.9min,  loss=0.817339
step=144600,  time=1433.9min,  loss=0.955037
step=144800,  time=1435.9min,  loss=0.983920
step=145000,  time=1437.9min,  loss=1.065377
slurmstepd: error: *** JOB 61294901 ON eu-g3-055 CANCELLED AT 2024-06-03T17:50:46 DUE TO TIME LIMIT ***
